<?xml version="1.0" encoding="UTF-8"?>
<!-- Generated by org.testng.reporters.JUnitReportReporter -->
<testsuite hostname="DESKTOP-SUCKV7U" failures="0" tests="1" name="QA.TestMaven.CM" time="4.487" errors="0" timestamp="2021-05-11T07:54:30 IST" skipped="0">
  <testcase classname="QA.TestMaven.CM" name="GetWeatherDetails" time="4.487"/>
  <system-out/>
</testsuite> <!-- QA.TestMaven.CM -->
