<?xml version="1.0" encoding="UTF-8"?>
<!-- Generated by org.testng.reporters.JUnitReportReporter -->
<testsuite hostname="DESKTOP-SUCKV7U" failures="0" tests="1" name="QA.Products_API.InValid_DL" time="6.008" errors="0" timestamp="2021-06-07T19:29:10 IST" skipped="0">
  <testcase classname="QA.Products_API.InValid_DL" name="APIResponse" time="6.008"/>
  <system-out/>
</testsuite> <!-- QA.Products_API.InValid_DL -->
