<?xml version="1.0" encoding="UTF-8"?>
<!-- Generated by org.testng.reporters.JUnitReportReporter -->
<testsuite hostname="DESKTOP-SUCKV7U" failures="0" tests="2" name="QA.Products_API.Combined" time="2.095" errors="0" timestamp="2021-06-07T19:29:10 IST" skipped="0">
  <testcase classname="QA.Products_API.Combined" name="APIResponse" time="1.070"/>
  <system-out/>
  <testcase classname="QA.Products_API.Combined" name="APIResponse" time="1.025"/>
  <system-out/>
</testsuite> <!-- QA.Products_API.Combined -->
